# JRE version: OpenJDK Runtime Environment (8.0_292-b10) (build 1.8.0_292-b10)
# Java VM: OpenJDK 64-Bit Server VM (25.292-b10 mixed mode windows-amd64 compressed oops)
Heap:
 PSYoungGen      total 792064K, used 297498K [0x000000076b400000, 0x00000007b3000000, 0x00000007c0000000)
  eden space 746496K, 33% used [0x000000076b400000,0x000000077aa08818,0x0000000798d00000)
  from space 45568K, 99% used [0x0000000798d00000,0x000000079b97e2b8,0x000000079b980000)
  to   space 62976K, 0% used [0x00000007af280000,0x00000007af280000,0x00000007b3000000)
 ParOldGen       total 217600K, used 106186K [0x00000006c1c00000, 0x00000006cf080000, 0x000000076b400000)
  object space 217600K, 48% used [0x00000006c1c00000,0x00000006c83b2910,0x00000006cf080000)
 Metaspace       used 62288K, capacity 62658K, committed 63064K, reserved 1103872K
  class space    used 9141K, capacity 9302K, committed 9344K, reserved 1048576K
GC Heap History (10 events):
Event: 5.786 GC heap before
{Heap before GC invocations=13 (full 3):
 PSYoungGen      total 357888K, used 357857K [0x000000076b400000, 0x0000000795800000, 0x00000007c0000000)
  eden space 336384K, 100% used [0x000000076b400000,0x000000077fc80000,0x000000077fc80000)
  from space 21504K, 99% used [0x000000077fc80000,0x0000000781178408,0x0000000781180000)
  to   space 34816K, 0% used [0x0000000793600000,0x0000000793600000,0x0000000795800000)
 ParOldGen       total 103936K, used 46012K [0x00000006c1c00000, 0x00000006c8180000, 0x000000076b400000)
  object space 103936K, 44% used [0x00000006c1c00000,0x00000006c48ef0f0,0x00000006c8180000)
 Metaspace       used 43497K, capacity 43763K, committed 44248K, reserved 1087488K
  class space    used 6434K, capacity 6531K, committed 6656K, reserved 1048576K
Event: 5.806 GC heap after
Heap after GC invocations=13 (full 3):
 PSYoungGen      total 539136K, used 34814K [0x000000076b400000, 0x0000000795800000, 0x00000007c0000000)
  eden space 504320K, 0% used [0x000000076b400000,0x000000076b400000,0x000000078a080000)
  from space 34816K, 99% used [0x0000000793600000,0x00000007957ff808,0x0000000795800000)
  to   space 44544K, 0% used [0x0000000790100000,0x0000000790100000,0x0000000792c80000)
 ParOldGen       total 103936K, used 56567K [0x00000006c1c00000, 0x00000006c8180000, 0x000000076b400000)
  object space 103936K, 54% used [0x00000006c1c00000,0x00000006c533df68,0x00000006c8180000)
 Metaspace       used 43497K, capacity 43763K, committed 44248K, reserved 1087488K
  class space    used 6434K, capacity 6531K, committed 6656K, reserved 1048576K
}
Event: 7.227 GC heap before
{Heap before GC invocations=14 (full 3):
 PSYoungGen      total 539136K, used 539134K [0x000000076b400000, 0x0000000795800000, 0x00000007c0000000)
  eden space 504320K, 100% used [0x000000076b400000,0x000000078a080000,0x000000078a080000)
  from space 34816K, 99% used [0x0000000793600000,0x00000007957ff808,0x0000000795800000)
  to   space 44544K, 0% used [0x0000000790100000,0x0000000790100000,0x0000000792c80000)
 ParOldGen       total 103936K, used 56567K [0x00000006c1c00000, 0x00000006c8180000, 0x000000076b400000)
  object space 103936K, 54% used [0x00000006c1c00000,0x00000006c533df68,0x00000006c8180000)
 Metaspace       used 47380K, capacity 47545K, committed 47960K, reserved 1089536K
  class space    used 7171K, capacity 7238K, committed 7296K, reserved 1048576K
Event: 7.253 GC heap after
Heap after GC invocations=14 (full 3):
 PSYoungGen      total 647680K, used 25418K [0x000000076b400000, 0x000000079e580000, 0x00000007c0000000)
  eden space 603136K, 0% used [0x000000076b400000,0x000000076b400000,0x0000000790100000)
  from space 44544K, 57% used [0x0000000790100000,0x00000007919d2978,0x0000000792c80000)
  to   space 45056K, 0% used [0x000000079b980000,0x000000079b980000,0x000000079e580000)
 ParOldGen       total 103936K, used 89326K [0x00000006c1c00000, 0x00000006c8180000, 0x000000076b400000)
  object space 103936K, 85% used [0x00000006c1c00000,0x00000006c733b9f8,0x00000006c8180000)
 Metaspace       used 47380K, capacity 47545K, committed 47960K, reserved 1089536K
  class space    used 7171K, capacity 7238K, committed 7296K, reserved 1048576K
}
Event: 7.253 GC heap before
{Heap before GC invocations=15 (full 4):
 PSYoungGen      total 647680K, used 25418K [0x000000076b400000, 0x000000079e580000, 0x00000007c0000000)
  eden space 603136K, 0% used [0x000000076b400000,0x000000076b400000,0x0000000790100000)
  from space 44544K, 57% used [0x0000000790100000,0x00000007919d2978,0x0000000792c80000)
  to   space 45056K, 0% used [0x000000079b980000,0x000000079b980000,0x000000079e580000)
 ParOldGen       total 103936K, used 89326K [0x00000006c1c00000, 0x00000006c8180000, 0x000000076b400000)
  object space 103936K, 85% used [0x00000006c1c00000,0x00000006c733b9f8,0x00000006c8180000)
 Metaspace       used 47380K, capacity 47545K, committed 47960K, reserved 1089536K
  class space    used 7171K, capacity 7238K, committed 7296K, reserved 1048576K
Event: 7.339 GC heap after
Heap after GC invocations=15 (full 4):
 PSYoungGen      total 647680K, used 0K [0x000000076b400000, 0x000000079e580000, 0x00000007c0000000)
  eden space 603136K, 0% used [0x000000076b400000,0x000000076b400000,0x0000000790100000)
  from space 44544K, 0% used [0x0000000790100000,0x0000000790100000,0x0000000792c80000)
  to   space 45056K, 0% used [0x000000079b980000,0x000000079b980000,0x000000079e580000)
 ParOldGen       total 217600K, used 80039K [0x00000006c1c00000, 0x00000006cf080000, 0x000000076b400000)
  object space 217600K, 36% used [0x00000006c1c00000,0x00000006c6a29f48,0x00000006cf080000)
 Metaspace       used 47380K, capacity 47545K, committed 47960K, reserved 1089536K
  class space    used 7171K, capacity 7238K, committed 7296K, reserved 1048576K
}
Event: 9.187 GC heap before
{Heap before GC invocations=16 (full 4):
 PSYoungGen      total 647680K, used 603136K [0x000000076b400000, 0x000000079e580000, 0x00000007c0000000)
  eden space 603136K, 100% used [0x000000076b400000,0x0000000790100000,0x0000000790100000)
  from space 44544K, 0% used [0x0000000790100000,0x0000000790100000,0x0000000792c80000)
  to   space 45056K, 0% used [0x000000079b980000,0x000000079b980000,0x000000079e580000)
 ParOldGen       total 217600K, used 80039K [0x00000006c1c00000, 0x00000006cf080000, 0x000000076b400000)
  object space 217600K, 36% used [0x00000006c1c00000,0x00000006c6a29f48,0x00000006cf080000)
 Metaspace       used 54953K, capacity 55320K, committed 55768K, reserved 1097728K
  class space    used 8260K, capacity 8391K, committed 8448K, reserved 1048576K
Event: 9.202 GC heap after
Heap after GC invocations=16 (full 4):
 PSYoungGen      total 791552K, used 26017K [0x000000076b400000, 0x00000007a5800000, 0x00000007c0000000)
  eden space 746496K, 0% used [0x000000076b400000,0x000000076b400000,0x0000000798d00000)
  from space 45056K, 57% used [0x000000079b980000,0x000000079d2e8600,0x000000079e580000)
  to   space 45568K, 0% used [0x0000000798d00000,0x0000000798d00000,0x000000079b980000)
 ParOldGen       total 217600K, used 80047K [0x00000006c1c00000, 0x00000006cf080000, 0x000000076b400000)
  object space 217600K, 36% used [0x00000006c1c00000,0x00000006c6a2bf48,0x00000006cf080000)
 Metaspace       used 54953K, capacity 55320K, committed 55768K, reserved 1097728K
  class space    used 8260K, capacity 8391K, committed 8448K, reserved 1048576K
}
Event: 12.681 GC heap before
{Heap before GC invocations=17 (full 4):
 PSYoungGen      total 791552K, used 772513K [0x000000076b400000, 0x00000007a5800000, 0x00000007c0000000)
  eden space 746496K, 100% used [0x000000076b400000,0x0000000798d00000,0x0000000798d00000)
  from space 45056K, 57% used [0x000000079b980000,0x000000079d2e8600,0x000000079e580000)
  to   space 45568K, 0% used [0x0000000798d00000,0x0000000798d00000,0x000000079b980000)
 ParOldGen       total 217600K, used 80047K [0x00000006c1c00000, 0x00000006cf080000, 0x000000076b400000)
  object space 217600K, 36% used [0x00000006c1c00000,0x00000006c6a2bf48,0x00000006cf080000)
 Metaspace       used 61118K, capacity 61556K, committed 62168K, reserved 1101824K
  class space    used 9024K, capacity 9171K, committed 9216K, reserved 1048576K
Event: 12.717 GC heap after
Heap after GC invocations=17 (full 4):
 PSYoungGen      total 792064K, used 45560K [0x000000076b400000, 0x00000007b3000000, 0x00000007c0000000)
  eden space 746496K, 0% used [0x000000076b400000,0x000000076b400000,0x0000000798d00000)
  from space 45568K, 99% used [0x0000000798d00000,0x000000079b97e2b8,0x000000079b980000)
  to   space 62976K, 0% used [0x00000007af280000,0x00000007af280000,0x00000007b3000000)
 ParOldGen       total 217600K, used 106186K [0x00000006c1c00000, 0x00000006cf080000, 0x000000076b400000)
  object space 217600K, 48% used [0x00000006c1c00000,0x00000006c83b2910,0x00000006cf080000)
 Metaspace       used 61118K, capacity 61556K, committed 62168K, reserved 1101824K
  class space    used 9024K, capacity 9171K, committed 9216K, reserved 1048576K
}

